{"numFailedTestSuites":0,"numFailedTests":0,"numPassedTestSuites":1,"numPassedTests":1,"numPendingTestSuites":0,"numPendingTests":0,"numRuntimeErrorTestSuites":0,"numTodoTests":0,"numTotalTestSuites":1,"numTotalTests":1,"openHandles":[],"snapshot":{"added":0,"didUpdate":false,"failure":false,"filesAdded":0,"filesRemoved":0,"filesRemovedList":[],"filesUnmatched":0,"filesUpdated":0,"matched":0,"total":0,"unchecked":0,"uncheckedKeysByFile":[],"unmatched":0,"updated":0},"startTime":1775722236708,"success":true,"testResults":[{"assertionResults":[{"ancestorTitles":["AppController","root"],"duration":11,"failing":false,"failureDetails":[],"failureMessages":[],"fullName":"AppController root should return \"Hello World!\"","invocations":1,"location":null,"numPassingAsserts":1,"retryReasons":[],"startAt":1775722237983,"status":"passed","title":"should return \"Hello World!\""}],"endTime":1775722237995,"message":"","name":"D:\\Nagarkot\\OS and All\\SuperFreight\\backend-nest\\src\\app.controller.spec.ts","startTime":1775722237108,"status":"passed","summary":""}],"wasInterrupted":false}
