{"numFailedTestSuites":0,"numFailedTests":0,"numPassedTestSuites":6,"numPassedTests":20,"numPendingTestSuites":0,"numPendingTests":0,"numRuntimeErrorTestSuites":0,"numTodoTests":0,"numTotalTestSuites":6,"numTotalTests":20,"openHandles":[],"snapshot":{"added":0,"didUpdate":false,"failure":false,"filesAdded":0,"filesRemoved":0,"filesRemovedList":[],"filesUnmatched":0,"filesUpdated":0,"matched":0,"total":0,"unchecked":0,"uncheckedKeysByFile":[],"unmatched":0,"updated":0},"startTime":1776416745552,"success":true,"testResults":[{"assertionResults":[{"ancestorTitles":["RfqsController"],"duration":2,"failing":false,"failureDetails":[],"failureMessages":[],"fullName":"RfqsController delegates list calls to the RFQ service","invocations":1,"location":null,"numPassingAsserts":2,"retryReasons":[],"startAt":1776416746693,"status":"passed","title":"delegates list calls to the RFQ service"},{"ancestorTitles":["RfqsController"],"duration":3,"failing":false,"failureDetails":[],"failureMessages":[],"fullName":"RfqsController parses multipart-style create payloads before delegating to the RFQ service","invocations":1,"location":null,"numPassingAsserts":1,"retryReasons":[],"startAt":1776416746696,"status":"passed","title":"parses multipart-style create payloads before delegating to the RFQ service"},{"ancestorTitles":["RfqsController"],"duration":7,"failing":false,"failureDetails":[],"failureMessages":[],"fullName":"RfqsController throws a bad request when a JSON field is invalid","invocations":1,"location":null,"numPassingAsserts":2,"retryReasons":[],"startAt":1776416746699,"status":"passed","title":"throws a bad request when a JSON field is invalid"},{"ancestorTitles":["RfqsController"],"duration":1,"failing":false,"failureDetails":[],"failureMessages":[],"fullName":"RfqsController throws a bad request when required RFQ fields are missing","invocations":1,"location":null,"numPassingAsserts":2,"retryReasons":[],"startAt":1776416746706,"status":"passed","title":"throws a bad request when required RFQ fields are missing"}],"endTime":1776416746708,"message":"","name":"D:\\Nagarkot\\OS and All\\SuperFreight\\backend-nest\\src\\modules\\rfqs\\rfqs.controller.spec.ts","startTime":1776416745754,"status":"passed","summary":""},{"assertionResults":[{"ancestorTitles":["OutlookService"],"duration":1,"failing":false,"failureDetails":[],"failureMessages":[],"fullName":"OutlookService returns reconnectRequired when a legacy connection has no usable tokens","invocations":1,"location":null,"numPassingAsserts":1,"retryReasons":[],"startAt":1776416746886,"status":"passed","title":"returns reconnectRequired when a legacy connection has no usable tokens"},{"ancestorTitles":["OutlookService"],"duration":2,"failing":false,"failureDetails":[],"failureMessages":[],"fullName":"OutlookService completes the Outlook connection, stores tokens, and creates a subscription","invocations":1,"location":null,"numPassingAsserts":7,"retryReasons":[],"startAt":1776416746887,"status":"passed","title":"completes the Outlook connection, stores tokens, and creates a subscription"},{"ancestorTitles":["OutlookService"],"duration":1,"failing":false,"failureDetails":[],"failureMessages":[],"fullName":"OutlookService refreshes the mailbox token and retries sendMail once after a graph failure","invocations":1,"location":null,"numPassingAsserts":7,"retryReasons":[],"startAt":1776416746889,"status":"passed","title":"refreshes the mailbox token and retries sendMail once after a graph failure"},{"ancestorTitles":["OutlookService"],"duration":1,"failing":false,"failureDetails":[],"failureMessages":[],"fullName":"OutlookService throws a reconnect error when a legacy connected mailbox has no tokens","invocations":1,"location":null,"numPassingAsserts":2,"retryReasons":[],"startAt":1776416746890,"status":"passed","title":"throws a reconnect error when a legacy connected mailbox has no tokens"},{"ancestorTitles":["OutlookService"],"duration":1,"failing":false,"failureDetails":[],"failureMessages":[],"fullName":"OutlookService reconnects by refreshing tokens and reactivating an existing subscription only","invocations":1,"location":null,"numPassingAsserts":4,"retryReasons":[],"startAt":1776416746891,"status":"passed","title":"reconnects by refreshing tokens and reactivating an existing subscription only"}],"endTime":1776416746892,"message":"","name":"D:\\Nagarkot\\OS and All\\SuperFreight\\backend-nest\\src\\modules\\outlook\\outlook.service.spec.ts","startTime":1776416746717,"status":"passed","summary":""},{"assertionResults":[{"ancestorTitles":["RfqsService"],"duration":1,"failing":false,"failureDetails":[],"failureMessages":[],"fullName":"RfqsService creates a draft RFQ without sending mail when sendNow is false","invocations":1,"location":null,"numPassingAsserts":3,"retryReasons":[],"startAt":1776416747034,"status":"passed","title":"creates a draft RFQ without sending mail when sendNow is false"},{"ancestorTitles":["RfqsService"],"duration":3,"failing":false,"failureDetails":[],"failureMessages":[],"fullName":"RfqsService sends the RFQ, picks the fallback office recipient, and marks the inquiry as sent","invocations":1,"location":null,"numPassingAsserts":3,"retryReasons":[],"startAt":1776416747036,"status":"passed","title":"sends the RFQ, picks the fallback office recipient, and marks the inquiry as sent"},{"ancestorTitles":["RfqsService"],"duration":1,"failing":false,"failureDetails":[],"failureMessages":[],"fullName":"RfqsService throws when the RFQ inquiry cannot be found during send","invocations":1,"location":null,"numPassingAsserts":2,"retryReasons":[],"startAt":1776416747040,"status":"passed","title":"throws when the RFQ inquiry cannot be found during send"},{"ancestorTitles":["RfqsService"],"duration":1,"failing":false,"failureDetails":[],"failureMessages":[],"fullName":"RfqsService throws when a selected vendor has no usable recipient email","invocations":1,"location":null,"numPassingAsserts":2,"retryReasons":[],"startAt":1776416747041,"status":"passed","title":"throws when a selected vendor has no usable recipient email"}],"endTime":1776416747042,"message":"","name":"D:\\Nagarkot\\OS and All\\SuperFreight\\backend-nest\\src\\modules\\rfqs\\rfqs.service.spec.ts","startTime":1776416746900,"status":"passed","summary":""},{"assertionResults":[{"ancestorTitles":["AppController","root"],"duration":6,"failing":false,"failureDetails":[],"failureMessages":[],"fullName":"AppController root should return \"Hello World!\"","invocations":1,"location":null,"numPassingAsserts":1,"retryReasons":[],"startAt":1776416747139,"status":"passed","title":"should return \"Hello World!\""}],"endTime":1776416747146,"message":"","name":"D:\\Nagarkot\\OS and All\\SuperFreight\\backend-nest\\src\\app.controller.spec.ts","startTime":1776416747045,"status":"passed","summary":""},{"assertionResults":[{"ancestorTitles":["CustomerQuotesService"],"duration":2,"failing":false,"failureDetails":[],"failureMessages":[],"fullName":"CustomerQuotesService generates a draft with the default margin and fallback labels","invocations":1,"location":null,"numPassingAsserts":3,"retryReasons":[],"startAt":1776416747279,"status":"passed","title":"generates a draft with the default margin and fallback labels"},{"ancestorTitles":["CustomerQuotesService"],"duration":0,"failing":false,"failureDetails":[],"failureMessages":[],"fullName":"CustomerQuotesService uses the provided margin percent when calculating the sell rate","invocations":1,"location":null,"numPassingAsserts":2,"retryReasons":[],"startAt":1776416747281,"status":"passed","title":"uses the provided margin percent when calculating the sell rate"},{"ancestorTitles":["CustomerQuotesService"],"duration":1,"failing":false,"failureDetails":[],"failureMessages":[],"fullName":"CustomerQuotesService throws when the quote or inquiry cannot be found","invocations":1,"location":null,"numPassingAsserts":3,"retryReasons":[],"startAt":1776416747281,"status":"passed","title":"throws when the quote or inquiry cannot be found"}],"endTime":1776416747282,"message":"","name":"D:\\Nagarkot\\OS and All\\SuperFreight\\backend-nest\\src\\modules\\customer-quotes\\customer-quotes.service.spec.ts","startTime":1776416747156,"status":"passed","summary":""},{"assertionResults":[{"ancestorTitles":["auth-cookie.helpers"],"duration":0,"failing":false,"failureDetails":[],"failureMessages":[],"fullName":"auth-cookie.helpers builds a refresh token cookie with the expected flags","invocations":1,"location":null,"numPassingAsserts":1,"retryReasons":[],"startAt":1776416747305,"status":"passed","title":"builds a refresh token cookie with the expected flags"},{"ancestorTitles":["auth-cookie.helpers"],"duration":0,"failing":false,"failureDetails":[],"failureMessages":[],"fullName":"auth-cookie.helpers builds a clear-cookie header for logout","invocations":1,"location":null,"numPassingAsserts":1,"retryReasons":[],"startAt":1776416747306,"status":"passed","title":"builds a clear-cookie header for logout"},{"ancestorTitles":["auth-cookie.helpers"],"duration":0,"failing":false,"failureDetails":[],"failureMessages":[],"fullName":"auth-cookie.helpers reads an individual cookie value from a cookie header","invocations":1,"location":null,"numPassingAsserts":2,"retryReasons":[],"startAt":1776416747306,"status":"passed","title":"reads an individual cookie value from a cookie header"}],"endTime":1776416747306,"message":"","name":"D:\\Nagarkot\\OS and All\\SuperFreight\\backend-nest\\src\\modules\\auth\\auth-cookie.helpers.spec.ts","startTime":1776416747286,"status":"passed","summary":""}],"wasInterrupted":false}
